<?xml version="1.0" encoding="UTF-8"?>
<!-- Generated by org.testng.reporters.JUnitReportReporter -->
<testsuite ignored="4" hostname="DESKTOP-4DKG3IL" failures="0" tests="1" name="com.uiFramework.companyName.bhanuProjectName.testScripts.loginPage.LoginTest" time="1.992" errors="0" timestamp="05 Jan 2024 06:31:24 GMT" skipped="0">
  <testcase classname="com.uiFramework.companyName.bhanuProjectName.testScripts.loginPage.LoginTest" name="testLoginToApplication" time="1.992"/>
  <testcase classname="com.uiFramework.companyName.bhanuProjectName.testScripts.loginPage.LoginTest" name="testLoginToApplicationLOGINPAGELINKSVERIFICATIOS">
    <skipped/>
  </testcase> <!-- testLoginToApplicationLOGINPAGELINKSVERIFICATIOS -->
  <testcase classname="com.uiFramework.companyName.bhanuProjectName.testScripts.loginPage.LoginTest" name="testLoginToApplicationFORFORGOTPASSWORDPASSWORDAPPLICAIONS">
    <skipped/>
  </testcase> <!-- testLoginToApplicationFORFORGOTPASSWORDPASSWORDAPPLICAIONS -->
  <testcase classname="com.uiFramework.companyName.bhanuProjectName.testScripts.loginPage.LoginTest" name="testLoginToApplicationWITHiNVALIDPASSWORD">
    <skipped/>
  </testcase> <!-- testLoginToApplicationWITHiNVALIDPASSWORD -->
  <testcase classname="com.uiFramework.companyName.bhanuProjectName.testScripts.loginPage.LoginTest" name="testLoginToApplicationWITHiNVALIDPASSWORDANDBLANKUSERNAME">
    <skipped/>
  </testcase> <!-- testLoginToApplicationWITHiNVALIDPASSWORDANDBLANKUSERNAME -->
</testsuite> <!-- com.uiFramework.companyName.bhanuProjectName.testScripts.loginPage.LoginTest -->
