<?xml version="1.0" encoding="UTF-8"?>
<!-- Generated by org.testng.reporters.JUnitReportReporter -->
<testsuite ignored="0" hostname="DESKTOP-4DKG3IL" failures="0" tests="4" name="com.uiFramework.companyName.bhanuProjectName.testScripts.productDetailsPage.sample" time="0.044" errors="0" timestamp="12 Dec 2023 06:01:16 GMT" skipped="0">
  <testcase classname="com.uiFramework.companyName.bhanuProjectName.testScripts.productDetailsPage.sample" name="srtrlogin" time="0.025"/>
  <testcase classname="com.uiFramework.companyName.bhanuProjectName.testScripts.productDetailsPage.sample" name="login" time="0.006"/>
  <testcase classname="com.uiFramework.companyName.bhanuProjectName.testScripts.productDetailsPage.sample" name="rlogin" time="0.008"/>
  <testcase classname="com.uiFramework.companyName.bhanuProjectName.testScripts.productDetailsPage.sample" name="slogin" time="0.005"/>
</testsuite> <!-- com.uiFramework.companyName.bhanuProjectName.testScripts.productDetailsPage.sample -->
