<?xml version="1.0" encoding="UTF-8"?>
<!-- Generated by org.testng.reporters.JUnitReportReporter -->
<testsuite ignored="0" hostname="DESKTOP-4DKG3IL" failures="0" tests="1" name="com.qa.crossbrowser_naresh.crossbrowsertesting_naresh" time="4.417" errors="0" timestamp="08 Jan 2024 03:27:45 GMT" skipped="0">
  <testcase classname="com.qa.crossbrowser_naresh.crossbrowsertesting_naresh" name="startapplication" time="4.417"/>
</testsuite> <!-- com.qa.crossbrowser_naresh.crossbrowsertesting_naresh -->
